INFO:werkzeug: * Restarting with stat
WARNING:werkzeug: * Debugger is active!
INFO:werkzeug: * Debugger PIN: 743-914-458
INFO:root:Message from Rida: hello,I am rida at 2025-04-28 21:22:46.485565
INFO:root:Message from Rida: Zoha Zoha at 2025-04-28 21:22:50.129572
INFO:werkzeug: * Detected change in 'C:\\Users\\Dell\\Desktop\\zoha semester 6\\Project\\ftp_server.py', reloading
INFO:werkzeug: * Restarting with stat
WARNING:werkzeug: * Debugger is active!
INFO:werkzeug: * Debugger PIN: 743-914-458
INFO:werkzeug: * Restarting with stat
WARNING:werkzeug: * Debugger is active!
INFO:werkzeug: * Debugger PIN: 743-914-458
INFO:werkzeug: * Restarting with stat
WARNING:werkzeug: * Debugger is active!
INFO:werkzeug: * Debugger PIN: 743-914-458
INFO:werkzeug: * Restarting with stat
WARNING:werkzeug: * Debugger is active!
INFO:werkzeug: * Debugger PIN: 743-914-458
INFO:werkzeug: * Restarting with stat
WARNING:werkzeug: * Debugger is active!
INFO:werkzeug: * Debugger PIN: 743-914-458
INFO:root:User logged out at 2025-04-28 21:39:44.593553
INFO:werkzeug: * Restarting with stat
WARNING:werkzeug: * Debugger is active!
INFO:werkzeug: * Debugger PIN: 743-914-458
INFO:werkzeug: * Restarting with stat
WARNING:werkzeug: * Debugger is active!
INFO:werkzeug: * Debugger PIN: 743-914-458
INFO:root:Ramsha registered at 2025-04-28 21:43:21.149708
INFO:root:Ramsha logged in at 2025-04-28 21:43:29.395491
INFO:root:Message from Ramsha: Hello I am Ramsha at 2025-04-28 21:43:48.422774
INFO:root:User logged out at 2025-04-28 21:43:51.343166
INFO:werkzeug: * Restarting with stat
WARNING:werkzeug: * Debugger is active!
INFO:werkzeug: * Debugger PIN: 743-914-458
INFO:root:Ramsha logged in at 2025-04-28 22:08:47.921813
INFO:root:Ramsha connected at 2025-04-28 22:08:48.114444
INFO:root:Message from Ramsha: Hello I am Ramsha at 2025-04-28 22:09:00.209100
INFO:werkzeug: * Detected change in 'C:\\Users\\Dell\\Desktop\\zoha semester 6\\Project\\app.py', reloading
INFO:werkzeug: * Restarting with stat
WARNING:werkzeug: * Debugger is active!
INFO:werkzeug: * Debugger PIN: 743-914-458
INFO:werkzeug: * Detected change in 'C:\\Users\\Dell\\Desktop\\zoha semester 6\\Project\\app.py', reloading
INFO:werkzeug: * Restarting with stat
WARNING:werkzeug: * Debugger is active!
INFO:werkzeug: * Debugger PIN: 743-914-458
INFO:root:Ramsha connected at 2025-04-28 22:11:35.221659
INFO:werkzeug: * Restarting with stat
WARNING:werkzeug: * Debugger is active!
INFO:werkzeug: * Debugger PIN: 743-914-458
INFO:root:Ramsha connected at 2025-04-28 22:12:02.213479
INFO:root:Ramsha disconnected at 2025-04-28 22:12:09.416070
INFO:root:Ramsha connected at 2025-04-28 22:12:12.583734
INFO:root:Ramsha disconnected at 2025-04-28 22:12:16.975850
INFO:werkzeug: * Restarting with stat
WARNING:werkzeug: * Debugger is active!
INFO:werkzeug: * Debugger PIN: 743-914-458
INFO:werkzeug: * Restarting with stat
WARNING:werkzeug: * Debugger is active!
INFO:werkzeug: * Debugger PIN: 743-914-458
INFO:root:User logged out at 2025-04-28 22:13:53.285959
INFO:werkzeug: * Restarting with stat
WARNING:werkzeug: * Debugger is active!
INFO:werkzeug: * Debugger PIN: 743-914-458
INFO:root:Ramsha logged in at 2025-04-28 22:20:22.838799
INFO:werkzeug: * Restarting with stat
WARNING:werkzeug: * Debugger is active!
INFO:werkzeug: * Debugger PIN: 743-914-458
INFO:root:User logged out at 2025-04-28 22:22:15.124388
INFO:werkzeug: * Restarting with stat
WARNING:werkzeug: * Debugger is active!
INFO:werkzeug: * Debugger PIN: 743-914-458
INFO:root:Noman registered at 2025-04-28 22:23:16.238595
INFO:root:Noman logged in at 2025-04-28 22:23:23.249885
INFO:root:Ramsha logged in at 2025-04-28 22:23:39.760539
INFO:root:Message from Ramsha: I am Ramsha at 2025-04-28 22:23:47.824104
INFO:root:Message from Noman: I am Noman at 2025-04-28 22:25:29.688565
INFO:root:User logged out at 2025-04-28 22:25:40.106721
INFO:root:Nabeel registered at 2025-04-28 22:25:55.237912
INFO:root:Nabeel logged in at 2025-04-28 22:26:06.086282
INFO:root:Message from Nabeel: Hello everyone,I am Nabeel at 2025-04-28 22:26:19.356164
INFO:root:Message from Ramsha: I am uploading a file right now at 2025-04-28 22:26:43.450110
INFO:root:Message from Nabeel:  at 2025-04-28 22:28:18.823393
INFO:root:Message from Noman: I am going  at 2025-04-28 22:28:28.495350
INFO:root:User logged out at 2025-04-28 22:28:32.965883
INFO:werkzeug: * Restarting with stat
WARNING:werkzeug: * Debugger is active!
INFO:werkzeug: * Debugger PIN: 743-914-458
INFO:root:Noman logged in at 2025-04-28 22:30:56.688959
INFO:root:Nabeel logged in at 2025-04-28 22:31:19.081089
INFO:root:User logged out at 2025-04-28 22:31:26.468128
INFO:root:Message from Noman: Hello at 2025-04-28 22:31:59.166128
INFO:werkzeug: * Detected change in 'C:\\Users\\Dell\\Desktop\\zoha semester 6\\Project\\app.py', reloading
INFO:werkzeug: * Restarting with stat
WARNING:werkzeug: * Debugger is active!
INFO:werkzeug: * Debugger PIN: 743-914-458
INFO:werkzeug: * Restarting with stat
WARNING:werkzeug: * Debugger is active!
INFO:werkzeug: * Debugger PIN: 743-914-458
INFO:root:Noman logged in at 2025-04-28 22:34:50.046839
INFO:root:Nabeel logged in at 2025-04-28 22:35:01.351213
INFO:root:Message from Nabeel: Hello at 2025-04-28 22:35:08.096303
INFO:root:Message from Nabeel: How are you at 2025-04-28 22:35:17.574565
INFO:root:Message from Noman: I am fine  at 2025-04-28 22:35:24.342294
INFO:root:Message from Noman: okay I am going now at 2025-04-28 22:35:34.829927
INFO:root:Message from Nabeel: okay bye at 2025-04-28 22:35:39.737409
INFO:werkzeug: * Restarting with stat
WARNING:werkzeug: * Debugger is active!
INFO:werkzeug: * Debugger PIN: 743-914-458
INFO:root:User logged out at 2025-04-28 23:24:19.352449
INFO:root:Nabeel logged in at 2025-04-28 23:24:30.703153
INFO:root:User logged out at 2025-04-28 23:24:36.223230
INFO:root:Noman logged in at 2025-04-28 23:24:44.048803
INFO:root:Message from Nabeel: Hello I am Nabeel at 2025-04-28 23:24:50.382556
INFO:root:Message from Noman: Hi Nabeel,I am Noman at 2025-04-28 23:25:00.199059
INFO:root:Message from Nabeel:  at 2025-04-28 23:25:12.375119
INFO:werkzeug: * Detected change in 'C:\\Users\\Dell\\Desktop\\zoha semester 6\\Project\\app.py', reloading
INFO:werkzeug: * Restarting with stat
WARNING:werkzeug: * Debugger is active!
INFO:werkzeug: * Debugger PIN: 743-914-458
INFO:werkzeug: * Restarting with stat
WARNING:werkzeug: * Debugger is active!
INFO:werkzeug: * Debugger PIN: 743-914-458
INFO:root:User logged out at 2025-04-29 00:18:45.781937
INFO:root:Nabeel logged in at 2025-04-29 00:18:53.046997
INFO:root:Message from Noman: Hello at 2025-04-29 00:18:57.511897
INFO:root:Message from Nabeel: Hi at 2025-04-29 00:19:07.941930
INFO:werkzeug: * Detected change in 'C:\\Users\\Dell\\Desktop\\zoha semester 6\\Project\\app.py', reloading
INFO:werkzeug: * Restarting with stat
WARNING:werkzeug: * Debugger is active!
INFO:werkzeug: * Debugger PIN: 743-914-458
INFO:werkzeug: * Restarting with stat
WARNING:werkzeug: * Debugger is active!
INFO:werkzeug: * Debugger PIN: 743-914-458
INFO:root:User logged out at 2025-04-29 00:22:58.976457
INFO:root:Nabeel logged in at 2025-04-29 00:23:10.642594
INFO:root:Noman logged in at 2025-04-29 00:23:19.883198
INFO:root:Nabeel logged in at 2025-04-29 00:23:46.889968
INFO:werkzeug: * Restarting with stat
WARNING:werkzeug: * Debugger is active!
INFO:werkzeug: * Debugger PIN: 743-914-458
INFO:root:User logged out at 2025-04-29 00:33:55.051660
INFO:root:Noman logged in at 2025-04-29 00:34:01.495452
INFO:root:Message from Nabeel: Hello at 2025-04-29 00:34:06.151174
INFO:root:Message from Noman: Hi at 2025-04-29 00:34:10.163627
INFO:werkzeug: * Restarting with stat
WARNING:werkzeug: * Debugger is active!
INFO:werkzeug: * Debugger PIN: 743-914-458
INFO:root:Nabeel logged in at 2025-04-29 00:38:06.505173
INFO:root:User logged out at 2025-04-29 00:38:11.297804
INFO:root:Noman logged in at 2025-04-29 00:38:16.577099
INFO:root:Message from Nabeel: hello at 2025-04-29 00:38:20.595861
INFO:root:Message from Noman: Hi at 2025-04-29 00:38:24.159234
INFO:root:Message from Noman: Oh file is not uploading!!! at 2025-04-29 00:38:49.832247
INFO:werkzeug: * Restarting with stat
WARNING:werkzeug: * Debugger is active!
INFO:werkzeug: * Debugger PIN: 743-914-458
INFO:root:Noman logged in at 2025-04-29 00:42:31.304729
INFO:root:Nabeel logged in at 2025-04-29 00:42:37.928434
INFO:root:Message from Noman: hello at 2025-04-29 00:42:40.731574
INFO:root:Message from Noman: How are you at 2025-04-29 00:42:44.414849
INFO:root:Message from Nabeel: Hi at 2025-04-29 00:42:48.400715
INFO:root:Message from Nabeel: I am good  at 2025-04-29 00:42:50.850373
INFO:root:Message from Nabeel: what about you at 2025-04-29 00:42:53.210056
INFO:werkzeug: * Restarting with stat
WARNING:werkzeug: * Debugger is active!
INFO:werkzeug: * Debugger PIN: 743-914-458
INFO:root:User logged out at 2025-04-29 00:46:01.415127
INFO:root:Noman logged in at 2025-04-29 00:46:07.807737
INFO:root:Message from Noman: Hello at 2025-04-29 00:46:09.985544
INFO:root:Message from Nabeel: Hi at 2025-04-29 00:46:12.955228
INFO:werkzeug: * Restarting with stat
WARNING:werkzeug: * Debugger is active!
INFO:werkzeug: * Debugger PIN: 743-914-458
INFO:root:Message from Noman: Hello at 2025-04-30 14:05:15.524780
INFO:root:User logged out at 2025-04-30 14:05:20.968737
INFO:root:Nabeel logged in at 2025-04-30 14:05:27.258416
INFO:root:Message from Nabeel: Hi at 2025-04-30 14:05:32.407759
INFO:root:Message from Noman: How are you at 2025-04-30 14:05:38.595801
INFO:root:Message from Nabeel: I am fine at 2025-04-30 14:05:43.260821
INFO:werkzeug: * Restarting with stat
WARNING:werkzeug: * Debugger is active!
INFO:werkzeug: * Debugger PIN: 743-914-458
INFO:root:User logged out at 2025-04-30 14:10:46.774219
INFO:root:Noman logged in at 2025-04-30 14:10:58.387215
INFO:werkzeug: * Restarting with stat
WARNING:werkzeug: * Debugger is active!
INFO:werkzeug: * Debugger PIN: 743-914-458
INFO:werkzeug: * Restarting with stat
WARNING:werkzeug: * Debugger is active!
INFO:werkzeug: * Debugger PIN: 743-914-458
INFO:werkzeug: * Restarting with stat
WARNING:werkzeug: * Debugger is active!
INFO:werkzeug: * Debugger PIN: 743-914-458
INFO:werkzeug: * Restarting with stat
WARNING:werkzeug: * Debugger is active!
INFO:werkzeug: * Debugger PIN: 743-914-458
INFO:werkzeug: * Detected change in 'C:\\Users\\Dell\\Desktop\\zoha semester 6\\Project\\app.py', reloading
INFO:werkzeug: * Restarting with stat
WARNING:werkzeug: * Debugger is active!
INFO:werkzeug: * Debugger PIN: 743-914-458
INFO:werkzeug: * Restarting with stat
WARNING:werkzeug: * Debugger is active!
INFO:werkzeug: * Debugger PIN: 743-914-458
INFO:root:User logged out at 2025-04-30 14:18:21.638377
INFO:root:Noman logged in at 2025-04-30 14:18:30.369978
INFO:werkzeug: * Restarting with stat
WARNING:werkzeug: * Debugger is active!
INFO:werkzeug: * Debugger PIN: 743-914-458
INFO:werkzeug: * Restarting with stat
WARNING:werkzeug: * Debugger is active!
INFO:werkzeug: * Debugger PIN: 743-914-458
INFO:werkzeug: * Detected change in 'C:\\Users\\Dell\\Desktop\\zoha semester 6\\Project\\app.py', reloading
INFO:werkzeug: * Restarting with stat
WARNING:werkzeug: * Debugger is active!
INFO:werkzeug: * Debugger PIN: 743-914-458
INFO:werkzeug: * Detected change in 'C:\\Users\\Dell\\Desktop\\zoha semester 6\\Project\\ftp_server.py', reloading
INFO:werkzeug: * Restarting with stat
INFO:werkzeug: * Restarting with stat
WARNING:werkzeug: * Debugger is active!
INFO:werkzeug: * Debugger PIN: 743-914-458
INFO:root:User logged out at 2025-04-30 14:27:19.930052
INFO:root:Noman logged in at 2025-04-30 14:27:28.719006
INFO:root:Message from Noman: Hello at 2025-04-30 14:27:32.970363
INFO:werkzeug: * Detected change in 'C:\\Users\\Dell\\Desktop\\zoha semester 6\\Project\\app.py', reloading
INFO:werkzeug: * Restarting with stat
WARNING:werkzeug: * Debugger is active!
INFO:werkzeug: * Debugger PIN: 743-914-458
INFO:werkzeug: * Detected change in 'C:\\Users\\Dell\\Desktop\\zoha semester 6\\Project\\app.py', reloading
INFO:werkzeug: * Restarting with stat
WARNING:werkzeug: * Debugger is active!
INFO:werkzeug: * Debugger PIN: 743-914-458
INFO:werkzeug: * Restarting with stat
WARNING:werkzeug: * Debugger is active!
INFO:werkzeug: * Debugger PIN: 743-914-458
INFO:werkzeug: * Restarting with stat
WARNING:werkzeug: * Debugger is active!
INFO:werkzeug: * Debugger PIN: 743-914-458
INFO:root:Message from Noman: Hello at 2025-04-30 14:30:16.420112
INFO:werkzeug: * Restarting with stat
WARNING:werkzeug: * Debugger is active!
INFO:werkzeug: * Debugger PIN: 743-914-458
INFO:root:User logged out at 2025-04-30 14:56:34.697490
INFO:root:Nabeel logged in at 2025-04-30 14:56:40.909674
INFO:root:Message from Noman: Hello at 2025-04-30 14:56:44.306053
INFO:werkzeug: * Detected change in 'C:\\Users\\Dell\\Desktop\\zoha semester 6\\Project\\app.py', reloading
INFO:werkzeug: * Restarting with stat
WARNING:werkzeug: * Debugger is active!
INFO:werkzeug: * Debugger PIN: 743-914-458
INFO:werkzeug: * Restarting with stat
WARNING:werkzeug: * Debugger is active!
INFO:werkzeug: * Debugger PIN: 743-914-458
INFO:root:User logged out at 2025-04-30 15:02:05.677581
INFO:root:Noman logged in at 2025-04-30 15:02:12.636937
INFO:root:Message from Nabeel: hello at 2025-04-30 15:02:15.792917
INFO:root:Message from Nabeel: Hi  at 2025-04-30 15:02:21.742827
ERROR:root:Error uploading file to FTP: [WinError 10061] No connection could be made because the target machine actively refused it
INFO:werkzeug: * Detected change in 'C:\\Users\\Dell\\Desktop\\zoha semester 6\\Project\\app.py', reloading
INFO:werkzeug: * Restarting with stat
WARNING:werkzeug: * Debugger is active!
INFO:werkzeug: * Debugger PIN: 743-914-458
INFO:werkzeug: * Restarting with stat
WARNING:werkzeug: * Debugger is active!
INFO:werkzeug: * Debugger PIN: 743-914-458
INFO:root:Noman logged in at 2025-04-30 15:04:55.554904
INFO:werkzeug: * Restarting with stat
WARNING:werkzeug: * Debugger is active!
INFO:werkzeug: * Debugger PIN: 743-914-458
INFO:root:Message from Noman: hello at 2025-04-30 15:25:22.545021
INFO:werkzeug: * Detected change in 'C:\\Users\\Dell\\Desktop\\zoha semester 6\\Project\\app.py', reloading
INFO:werkzeug: * Restarting with stat
WARNING:werkzeug: * Debugger is active!
INFO:werkzeug: * Debugger PIN: 743-914-458
INFO:werkzeug: * Restarting with stat
WARNING:werkzeug: * Debugger is active!
INFO:werkzeug: * Debugger PIN: 743-914-458
INFO:root:Message from Noman: Hello at 2025-04-30 15:40:24.134364
INFO:werkzeug: * Detected change in 'C:\\Users\\Dell\\Desktop\\zoha semester 6\\Project\\app.py', reloading
INFO:werkzeug: * Restarting with stat
WARNING:werkzeug: * Debugger is active!
INFO:werkzeug: * Debugger PIN: 743-914-458
INFO:werkzeug: * Restarting with stat
WARNING:werkzeug: * Debugger is active!
INFO:werkzeug: * Debugger PIN: 743-914-458
INFO:root:File uploaded by Noman at 2025-04-30 15:44:23.657836 to FTP
INFO:root:User logged out at 2025-04-30 15:45:01.300537
INFO:root:Nabeel logged in at 2025-04-30 15:45:10.979188
INFO:root:Message from Noman: hello at 2025-04-30 15:45:14.826175
INFO:root:File uploaded by Nabeel at 2025-04-30 15:45:28.989960 to FTP
INFO:root:Nabeel logged in at 2025-04-30 15:45:43.442740
INFO:root:User logged out at 2025-04-30 15:47:07.833852
INFO:root:Noman logged in at 2025-04-30 15:47:14.593476
INFO:root:Message from Nabeel: hello at 2025-04-30 15:47:17.020008
INFO:root:Message from Nabeel: Hi at 2025-04-30 15:47:23.580074
INFO:root:File uploaded by Noman at 2025-04-30 15:47:28.450305 to FTP
INFO:werkzeug: * Restarting with stat
WARNING:werkzeug: * Debugger is active!
INFO:werkzeug: * Debugger PIN: 743-914-458
INFO:root:User logged out at 2025-04-30 15:57:21.175166
INFO:root:Nabeel logged in at 2025-04-30 15:57:27.106014
INFO:root:Message from Nabeel: Hello at 2025-04-30 15:57:29.535846
INFO:root:Message from Noman: Hi at 2025-04-30 15:57:33.122461
INFO:root:Message from Nabeel: I am uploding a file at 2025-04-30 15:57:39.837567
ERROR:root:FTP upload failed: Server.emit() got an unexpected keyword argument 'broadcast'
INFO:werkzeug: * Detected change in 'C:\\Users\\Dell\\Desktop\\zoha semester 6\\Project\\app.py', reloading
INFO:werkzeug: * Restarting with stat
WARNING:werkzeug: * Debugger is active!
INFO:werkzeug: * Debugger PIN: 743-914-458
INFO:werkzeug: * Restarting with stat
WARNING:werkzeug: * Debugger is active!
INFO:werkzeug: * Debugger PIN: 743-914-458
INFO:root:File uploaded by Nabeel at 2025-04-30 15:58:35.516659 to FTP
INFO:werkzeug: * Restarting with stat
WARNING:werkzeug: * Debugger is active!
INFO:werkzeug: * Debugger PIN: 743-914-458
INFO:root:User logged out at 2025-04-30 15:59:11.953850
INFO:root:Noman logged in at 2025-04-30 15:59:16.583544
INFO:root:Message from Noman: Hello at 2025-04-30 15:59:22.006412
INFO:root:File uploaded by Noman at 2025-04-30 15:59:27.245525 to FTP
INFO:werkzeug: * Restarting with stat
WARNING:werkzeug: * Debugger is active!
INFO:werkzeug: * Debugger PIN: 743-914-458
INFO:werkzeug: * Restarting with stat
WARNING:werkzeug: * Debugger is active!
INFO:werkzeug: * Debugger PIN: 743-914-458
INFO:werkzeug: * Detected change in 'C:\\Users\\Dell\\Desktop\\zoha semester 6\\Project\\app.py', reloading
INFO:werkzeug: * Restarting with stat
WARNING:werkzeug: * Debugger is active!
INFO:werkzeug: * Debugger PIN: 743-914-458
INFO:root:File uploaded by Noman at 2025-04-30 16:28:42.874683 to FTP
INFO:werkzeug: * Detected change in 'C:\\Users\\Dell\\Desktop\\zoha semester 6\\Project\\app.py', reloading
INFO:werkzeug: * Restarting with stat
WARNING:werkzeug: * Debugger is active!
INFO:werkzeug: * Debugger PIN: 743-914-458
INFO:werkzeug: * Restarting with stat
WARNING:werkzeug: * Debugger is active!
INFO:werkzeug: * Debugger PIN: 743-914-458
INFO:root:Message from Noman: Hello at 2025-04-30 16:42:39.923264
INFO:root:File uploaded by Noman at 2025-04-30 16:42:44.811005 to FTP
INFO:root:Message from Noman: <b>Noman</b> uploaded a file: <a href="/download/Screenshot (19).png" target="_blank">Screenshot (19).png</a> at 2025-04-30 16:42:44.817099
INFO:werkzeug: * Detected change in 'C:\\Users\\Dell\\Desktop\\zoha semester 6\\Project\\app.py', reloading
INFO:werkzeug: * Restarting with stat
WARNING:werkzeug: * Debugger is active!
INFO:werkzeug: * Debugger PIN: 743-914-458
INFO:werkzeug: * Restarting with stat
WARNING:werkzeug: * Debugger is active!
INFO:werkzeug: * Debugger PIN: 743-914-458
INFO:root:Message from Noman: HE at 2025-04-30 16:48:49.450807
ERROR:root:FTP upload failed: Server.emit() got an unexpected keyword argument 'broadcast'
ERROR:root:FTP upload failed: Server.emit() got an unexpected keyword argument 'broadcast'
ERROR:root:FTP upload failed: Server.emit() got an unexpected keyword argument 'broadcast'
INFO:werkzeug: * Detected change in 'C:\\Users\\Dell\\Desktop\\zoha semester 6\\Project\\app.py', reloading
INFO:werkzeug: * Restarting with stat
WARNING:werkzeug: * Debugger is active!
INFO:werkzeug: * Debugger PIN: 743-914-458
INFO:werkzeug: * Restarting with stat
WARNING:werkzeug: * Debugger is active!
INFO:werkzeug: * Debugger PIN: 743-914-458
INFO:root:Message from Noman: Hello at 2025-04-30 16:49:41.540193
INFO:root:Message from Noman: How are you at 2025-04-30 16:49:46.153475
INFO:root:User logged out at 2025-04-30 16:50:08.351262
INFO:root:Nabeel logged in at 2025-04-30 16:50:15.266477
INFO:root:Message from Nabeel: Hello at 2025-04-30 16:50:17.301758
INFO:root:Message from Noman: I am fine at 2025-04-30 16:50:21.808015
INFO:root:File uploaded by Nabeel at 2025-04-30 16:50:27.116237 to FTP
INFO:werkzeug: * Detected change in 'C:\\Users\\Dell\\Desktop\\zoha semester 6\\Project\\app.py', reloading
INFO:werkzeug: * Restarting with stat
WARNING:werkzeug: * Debugger is active!
INFO:werkzeug: * Debugger PIN: 743-914-458
INFO:werkzeug: * Restarting with stat
WARNING:werkzeug: * Debugger is active!
INFO:werkzeug: * Debugger PIN: 743-914-458
INFO:root:User logged out at 2025-04-30 16:55:01.162657
INFO:root:Noman logged in at 2025-04-30 16:55:08.461612
INFO:root:Message from Nabeel: Hello at 2025-04-30 16:55:11.930089
INFO:root:Message from Noman: Hi at 2025-04-30 16:55:17.372092
INFO:root:File uploaded by Noman at 2025-04-30 16:55:23.758791 to FTP
INFO:root:Message from Nabeel: <b>Nabeel</b> uploaded a file: <a href="/download/Screenshot (18).png" target="_blank">Screenshot (18).png</a> at 2025-04-30 16:55:23.764772
INFO:root:File uploaded by Noman at 2025-04-30 16:55:49.048694 to FTP
INFO:root:Message from Noman: <b>Noman</b> uploaded a file: <a href="/download/Screenshot (83).png" target="_blank">Screenshot (83).png</a> at 2025-04-30 16:55:49.054544
INFO:root:Message from Nabeel: I am uploading a file at 2025-04-30 16:56:28.994305
INFO:root:File uploaded by Noman at 2025-04-30 16:56:31.540062 to FTP
INFO:root:Message from Nabeel: <b>Nabeel</b> uploaded a file: <a href="/download/Screenshot (100).png" target="_blank">Screenshot (100).png</a> at 2025-04-30 16:56:31.546167
INFO:root:User logged out at 2025-04-30 16:57:00.541775
INFO:root:Noman logged in at 2025-04-30 16:57:14.726430
INFO:root:Nabeel logged in at 2025-04-30 16:57:20.765703
INFO:root:File uploaded by Nabeel at 2025-04-30 16:57:29.727457 to FTP
INFO:root:Message from Noman: <b>Noman</b> uploaded a file: <a href="/download/Screenshot (18).png" target="_blank">Screenshot (18).png</a> at 2025-04-30 16:57:29.733259
INFO:root:Message from Noman: Hello at 2025-04-30 17:02:02.252176
INFO:root:File uploaded by Nabeel at 2025-04-30 17:02:09.035055 to FTP
INFO:root:Message from Noman: <b>Noman</b> uploaded a file: <a href="/download/Screenshot (278).png" target="_blank">Screenshot (278).png</a> at 2025-04-30 17:02:09.039986
INFO:root:File uploaded by Nabeel at 2025-04-30 17:02:42.623115 to FTP
INFO:root:Message from Nabeel: <b>Nabeel</b> uploaded a file: <a href="/download/abcdefghi.docx" target="_blank">abcdefghi.docx</a> at 2025-04-30 17:02:42.629222
INFO:root:User logged out at 2025-04-30 17:04:49.498000
INFO:root:Noman logged in at 2025-04-30 17:04:56.942717
INFO:root:Message from Nabeel: Hello at 2025-04-30 17:05:07.024620
INFO:root:Message from Nabeel: How are you at 2025-04-30 17:05:13.128865
INFO:root:File uploaded by Noman at 2025-04-30 17:05:19.455281 to FTP
INFO:root:Message from Nabeel:  uploaded a file: <a href="/download/abcdefghi.docx" target="_blank">abcdefghi.docx</a> at 2025-04-30 17:05:19.459700
INFO:root:Message from Nabeel: quit at 2025-04-30 17:05:26.579803
INFO:root:User logged out at 2025-04-30 17:05:35.841889
INFO:root:User logged out at 2025-04-30 17:05:40.618568
INFO:root:Noman logged in at 2025-04-30 17:06:36.247867
INFO:root:Nabeel logged in at 2025-04-30 17:06:44.498244
INFO:root:File uploaded by Nabeel at 2025-04-30 17:06:53.689828 to FTP
INFO:root:Message from Noman:  uploaded a file: <a href="/download/Screenshot 2025-04-20 171025.png" target="_blank">Screenshot 2025-04-20 171025.png</a> at 2025-04-30 17:06:53.694976
INFO:root:User logged out at 2025-04-30 17:07:48.052491
INFO:root:Rida registered at 2025-04-30 17:08:15.070357
INFO:root:Rida logged in at 2025-04-30 17:08:22.432169
INFO:root:Message from Nabeel: Hi at 2025-04-30 17:08:26.098919
INFO:root:File uploaded by Rida at 2025-04-30 17:08:36.057347 to FTP
INFO:root:Message from Nabeel:  uploaded a file: <a href="/download/Screenshot 2023-03-13 121816.png" target="_blank">Screenshot 2023-03-13 121816.png</a> at 2025-04-30 17:08:36.062159
INFO:root:User logged out at 2025-04-30 17:09:02.991155
INFO:root:User logged out at 2025-04-30 17:09:05.367391
INFO:root:User logged out at 2025-04-30 17:09:07.925852
INFO:werkzeug: * Restarting with stat
WARNING:werkzeug: * Debugger is active!
INFO:werkzeug: * Debugger PIN: 743-914-458
INFO:root:Nabeel logged in at 2025-04-30 18:47:43.185838
INFO:root:Noman logged in at 2025-04-30 18:47:50.241402
INFO:root:Message from Nabeel: Hello at 2025-04-30 18:47:53.681272
INFO:root:Message from Noman: Hi at 2025-04-30 18:47:56.702090
INFO:root:File uploaded by Noman at 2025-04-30 18:48:04.381530 to FTP
INFO:root:Message from Nabeel:  uploaded a file: <a href="/download/Screenshot 2023-03-30 135610.png" target="_blank">Screenshot 2023-03-30 135610.png</a> at 2025-04-30 18:48:04.386529
INFO:root:User logged out at 2025-04-30 18:48:21.334209
INFO:root:User logged out at 2025-04-30 18:48:23.776300
INFO:werkzeug: * Restarting with stat
WARNING:werkzeug: * Debugger is active!
INFO:werkzeug: * Debugger PIN: 743-914-458
INFO:root:Nabeel logged in at 2025-04-30 19:08:50.313661
INFO:root:Noman logged in at 2025-04-30 19:08:58.112872
INFO:root:Message from Noman: Hi at 2025-04-30 19:09:00.192308
INFO:root:Message from Noman: Hello at 2025-04-30 19:09:03.184096
INFO:root:File uploaded by Noman at 2025-04-30 19:09:13.932422 to FTP
INFO:root:Message from Noman:  uploaded a file: <a href="/download/Screenshot 2025-04-20 163950.png" target="_blank">Screenshot 2025-04-20 163950.png</a> at 2025-04-30 19:09:13.938256
INFO:root:File uploaded by Noman at 2025-04-30 19:09:36.507072 to FTP
INFO:root:Message from Nabeel:  uploaded a file: <a href="/download/abcdefghi.docx" target="_blank">abcdefghi.docx</a> at 2025-04-30 19:09:36.511590
INFO:werkzeug: * Restarting with stat
WARNING:werkzeug: * Debugger is active!
INFO:werkzeug: * Debugger PIN: 743-914-458
INFO:root:Nabeel logged in at 2025-04-30 19:14:32.302388
INFO:root:Noman logged in at 2025-04-30 19:14:44.887191
INFO:root:Message from Nabeel: Hello at 2025-04-30 19:14:50.248439
INFO:root:Message from Nabeel: How are you at 2025-04-30 19:14:53.722132
INFO:root:Message from Noman: I am fine  at 2025-04-30 19:14:57.526738
ERROR:root:FTP upload failed: [WinError 10061] No connection could be made because the target machine actively refused it
INFO:werkzeug: * Restarting with stat
WARNING:werkzeug: * Debugger is active!
INFO:werkzeug: * Debugger PIN: 743-914-458
INFO:root:User logged out at 2025-04-30 21:11:12.366518
INFO:werkzeug: * Restarting with stat
WARNING:werkzeug: * Debugger is active!
INFO:werkzeug: * Debugger PIN: 743-914-458
INFO:root:Nabeel logged in at 2025-04-30 21:58:10.761406
INFO:root:Aneela registered at 2025-04-30 21:59:03.812654
INFO:root:Aneela logged in at 2025-04-30 21:59:18.405121
INFO:root:Message from Aneela: Hello at 2025-04-30 21:59:22.889543
INFO:root:Message from Aneela: How are you at 2025-04-30 21:59:29.082943
INFO:root:Message from Nabeel: I am fine at 2025-04-30 21:59:35.780875
INFO:root:Message from Nabeel: How are you all at 2025-04-30 21:59:42.250804
INFO:root:File uploaded by Aneela at 2025-04-30 21:59:50.995646 to FTP
INFO:root:Message from Nabeel:  uploaded a file: <a href="/download/aaaa.pkt" target="_blank">aaaa.pkt</a> at 2025-04-30 21:59:51.001643
INFO:root:Message from Aneela: I am going at 2025-04-30 22:00:15.562956
INFO:root:Message from Nabeel: Okay bye at 2025-04-30 22:00:20.419107
INFO:root:User logged out at 2025-04-30 22:00:21.949793
INFO:root:User logged out at 2025-04-30 22:00:23.945680
INFO:werkzeug: * Restarting with stat
WARNING:werkzeug: * Debugger is active!
INFO:werkzeug: * Debugger PIN: 743-914-458
INFO:root:Aneela logged in at 2025-04-30 22:01:47.853755
INFO:root:Nabeel logged in at 2025-04-30 22:01:57.059846
INFO:root:Message from Aneela: Hello  at 2025-04-30 22:02:08.192886
INFO:root:Message from Nabeel: Hi Aneela How ae you at 2025-04-30 22:02:23.672801
INFO:root:File uploaded by Nabeel at 2025-04-30 22:02:49.749272 to FTP
INFO:root:Message from Aneela:  uploaded a file: <a href="/download/Screenshot 2025-04-08 000253.png" target="_blank">Screenshot 2025-04-08 000253.png</a> at 2025-04-30 22:02:49.755285
INFO:root:User logged out at 2025-04-30 22:03:22.986288
INFO:root:Zain registered at 2025-04-30 22:03:36.377451
INFO:root:Zain logged in at 2025-04-30 22:03:44.623541
INFO:root:Message from Zain: Hello I am Zain at 2025-04-30 22:04:04.322319
INFO:root:User logged out at 2025-04-30 22:04:19.878829
INFO:root:User logged out at 2025-04-30 22:04:26.439808
INFO:root:User logged out at 2025-04-30 22:04:28.372239
INFO:werkzeug: * Detected change in 'C:\\Users\\Dell\\Desktop\\zoha semester 6\\Project\\app.py', reloading
INFO:werkzeug: * Restarting with stat
WARNING:werkzeug: * Debugger is active!
INFO:werkzeug: * Debugger PIN: 743-914-458
INFO:werkzeug: * Restarting with stat
WARNING:werkzeug: * Debugger is active!
INFO:werkzeug: * Debugger PIN: 743-914-458
INFO:root:Aneela logged in at 2025-04-30 22:18:59.623683
INFO:root:Aneela has joined the chat.
INFO:root:Nabeel logged in at 2025-04-30 22:19:04.575000
INFO:root:Nabeel has joined the chat.
INFO:root:Message from Nabeel: Hello at 2025-04-30 22:19:10.810933
INFO:root:Message from Aneela: Hi at 2025-04-30 22:19:14.637874
INFO:root:Nabeel has joined the chat.
INFO:root:User logged out at 2025-04-30 22:19:20.483100
INFO:root:Zain logged in at 2025-04-30 22:19:29.042443
INFO:root:Zain has joined the chat.
INFO:werkzeug: * Restarting with stat
WARNING:werkzeug: * Debugger is active!
INFO:werkzeug: * Debugger PIN: 743-914-458
INFO:root:Zain has joined the chat.
INFO:root:User logged out at 2025-04-30 22:24:50.122880
INFO:root:Nabeel logged in at 2025-04-30 22:24:58.913470
INFO:root:Nabeel has joined the chat.
INFO:root:Zain logged in at 2025-04-30 22:25:05.451622
INFO:root:Zain has joined the chat.
INFO:root:Aneela logged in at 2025-04-30 22:25:13.526143
INFO:root:Aneela has joined the chat.
INFO:root:User logged out at 2025-04-30 22:25:25.987381
INFO:root:User logged out at 2025-04-30 22:25:29.444867
INFO:root:User logged out at 2025-04-30 22:25:31.259008
INFO:werkzeug: * Restarting with stat
WARNING:werkzeug: * Debugger is active!
INFO:werkzeug: * Debugger PIN: 743-914-458
INFO:root:Aneela logged in at 2025-04-30 22:26:22.241424
INFO:root:Aneela has joined the chat.
INFO:root:Nabeel logged in at 2025-04-30 22:26:26.160433
INFO:root:Nabeel has joined the chat.
INFO:root:Zain logged in at 2025-04-30 22:26:35.835360
INFO:root:Zain has joined the chat.
INFO:root:User logged out at 2025-04-30 22:26:42.306454
INFO:root:User logged out at 2025-04-30 22:26:44.885997
INFO:werkzeug: * Detected change in 'C:\\Users\\Dell\\Desktop\\zoha semester 6\\Project\\app.py', reloading
INFO:werkzeug: * Restarting with stat
WARNING:werkzeug: * Debugger is active!
INFO:werkzeug: * Debugger PIN: 743-914-458
INFO:werkzeug: * Restarting with stat
WARNING:werkzeug: * Debugger is active!
INFO:werkzeug: * Debugger PIN: 743-914-458
INFO:root:Nabeel logged in at 2025-04-30 22:27:18.025063
INFO:root:Nabeel has joined the chat.
INFO:root:Aneela logged in at 2025-04-30 22:27:25.517959
INFO:root:Aneela has joined the chat.
INFO:root:Aneela has joined the chat.
INFO:root:User logged out at 2025-04-30 22:27:40.119707
INFO:root:Zain logged in at 2025-04-30 22:27:47.044949
INFO:root:Zain has joined the chat.
INFO:root:Message from Zain: Hello at 2025-04-30 22:27:59.478004
INFO:root:File uploaded by Zain at 2025-04-30 22:28:14.825816 to FTP
INFO:root:Message from Zain: uploaded a file: <a href="/download/Screenshot 2025-04-30 141712.png" target="_blank">Screenshot 2025-04-30 141712.png</a> at 2025-04-30 22:28:14.831025
INFO:root:User logged out at 2025-04-30 22:28:18.643806
INFO:root:User logged out at 2025-04-30 22:28:21.153932
INFO:root:User logged out at 2025-04-30 22:28:23.317554
INFO:werkzeug: * Restarting with stat
WARNING:werkzeug: * Debugger is active!
INFO:werkzeug: * Debugger PIN: 743-914-458
INFO:root:Aneela logged in at 2025-04-30 22:34:33.908555
INFO:root:Aneela has joined the chat.
INFO:root:Nabeel logged in at 2025-04-30 22:34:42.755400
INFO:root:Nabeel has joined the chat.
INFO:root:Zain logged in at 2025-04-30 22:34:51.322043
INFO:root:Zain has joined the chat.
INFO:root:Message from Nabeel: Hello at 2025-04-30 22:35:00.327100
INFO:root:File uploaded by Zain at 2025-04-30 22:35:05.588373 to FTP
INFO:root:Message from Nabeel: uploaded a file: <a href="/download/Screenshot (8).png" target="_blank">Screenshot (8).png</a> at 2025-04-30 22:35:05.594102
INFO:root:User logged out at 2025-04-30 22:35:26.010885
INFO:root:User logged out at 2025-04-30 22:35:27.916880
INFO:root:User logged out at 2025-04-30 22:35:29.419299
INFO:werkzeug: * Detected change in 'C:\\Users\\Dell\\Desktop\\zoha semester 6\\Project\\app.py', reloading
INFO:werkzeug: * Restarting with stat
WARNING:werkzeug: * Debugger is active!
INFO:werkzeug: * Debugger PIN: 743-914-458
INFO:werkzeug: * Restarting with stat
WARNING:werkzeug: * Debugger is active!
INFO:werkzeug: * Debugger PIN: 743-914-458
INFO:root:Nabeel logged in at 2025-04-30 22:40:22.625136
INFO:root:Nabeel has joined the chat.
INFO:root:Aneela logged in at 2025-04-30 22:40:30.072535
INFO:root:Aneela has joined the chat.
INFO:root:Message from Aneela: hELLO at 2025-04-30 22:40:32.174640
INFO:root:File uploaded by Aneela at 2025-04-30 22:40:40.723762 to FTP
INFO:root:Message from Aneela: uploaded a file: <a href="/download/Screenshot (3).png" target="_blank">Screenshot (3).png</a> at 2025-04-30 22:40:40.729756
INFO:root:User logged out at 2025-04-30 22:40:47.374452
INFO:root:User logged out at 2025-04-30 22:40:48.747402
INFO:werkzeug: * Detected change in 'C:\\Users\\Dell\\Desktop\\zoha semester 6\\Project\\app.py', reloading
INFO:werkzeug: * Restarting with stat
WARNING:werkzeug: * Debugger is active!
INFO:werkzeug: * Debugger PIN: 743-914-458
INFO:werkzeug: * Restarting with stat
WARNING:werkzeug: * Debugger is active!
INFO:werkzeug: * Debugger PIN: 743-914-458
INFO:root:Aneela logged in at 2025-04-30 22:46:55.351714
INFO:root:Aneela has joined the chat.
INFO:root:Nabeel logged in at 2025-04-30 22:46:59.293170
INFO:root:Nabeel has joined the chat.
INFO:root:Message from Aneela: Hi  at 2025-04-30 22:47:07.826903
INFO:root:File uploaded by Nabeel at 2025-04-30 22:47:13.780470 to FTP
INFO:root:User logged out at 2025-04-30 22:47:46.173067
INFO:root:User logged out at 2025-04-30 22:47:47.853821
INFO:werkzeug: * Restarting with stat
WARNING:werkzeug: * Debugger is active!
INFO:werkzeug: * Debugger PIN: 743-914-458
INFO:root:Nabeel logged in at 2025-04-30 22:48:19.964854
INFO:root:Nabeel has joined the chat.
INFO:root:Aneela logged in at 2025-04-30 22:48:23.408058
INFO:root:Aneela has joined the chat.
INFO:root:File uploaded by Aneela at 2025-04-30 22:48:31.340493 to FTP
INFO:root:Message from Aneela: uploaded a file: <a href="/download/Screenshot (8).png" target="_blank">Screenshot (8).png</a> at 2025-04-30 22:48:31.345972
INFO:werkzeug: * Restarting with stat
WARNING:werkzeug: * Debugger is active!
INFO:werkzeug: * Debugger PIN: 743-914-458
INFO:root:Aneela has joined the chat.
INFO:root:Aneela has joined the chat.
INFO:root:User logged out at 2025-04-30 22:49:45.996341
INFO:root:Nabeel logged in at 2025-04-30 22:49:57.042741
INFO:root:Nabeel has joined the chat.
INFO:root:Message from Aneela: heelo at 2025-04-30 22:50:01.863977
INFO:root:File uploaded by Nabeel at 2025-04-30 22:50:10.599804 to FTP
INFO:root:Message from Aneela: uploaded a file: <a href="/download/Screenshot (4).png" target="_blank">Screenshot (4).png</a> at 2025-04-30 22:50:10.605824
INFO:root:User logged out at 2025-04-30 22:50:13.789306
INFO:root:User logged out at 2025-04-30 22:50:15.670944
INFO:werkzeug: * Restarting with stat
WARNING:werkzeug: * Debugger is active!
INFO:werkzeug: * Debugger PIN: 743-914-458
INFO:root:Nabeel logged in at 2025-04-30 22:51:56.084700
INFO:root:Nabeel has joined the chat.
INFO:root:Aneela logged in at 2025-04-30 22:52:04.598096
INFO:root:Aneela has joined the chat.
INFO:root:Zain logged in at 2025-04-30 22:52:12.402606
INFO:root:Zain has joined the chat.
INFO:root:Message from Nabeel: Hello at 2025-04-30 22:52:19.488692
INFO:root:Message from Aneela: Hi at 2025-04-30 22:52:22.559084
INFO:root:Message from Zain: Hi at 2025-04-30 22:52:25.484851
INFO:root:File uploaded by Zain at 2025-04-30 22:52:31.275736 to FTP
INFO:root:Message from Zain: uploaded a file: <a href="/download/Screenshot (3).png" target="_blank">Screenshot (3).png</a> at 2025-04-30 22:52:31.281108
INFO:root:User logged out at 2025-04-30 22:52:43.987629
INFO:root:User logged out at 2025-04-30 22:52:47.635363
INFO:root:User logged out at 2025-04-30 22:52:50.559763
INFO:werkzeug: * Detected change in 'C:\\Users\\Dell\\Desktop\\zoha semester 6\\Project\\app.py', reloading
INFO:werkzeug: * Restarting with stat
WARNING:werkzeug: * Debugger is active!
INFO:werkzeug: * Debugger PIN: 743-914-458
INFO:werkzeug: * Restarting with stat
WARNING:werkzeug: * Debugger is active!
INFO:werkzeug: * Debugger PIN: 743-914-458
INFO:root:Aneela logged in at 2025-04-30 22:55:30.340303
INFO:root:Aneela has joined the chat.
INFO:root:Nabeel logged in at 2025-04-30 22:55:33.802972
INFO:root:Nabeel has joined the chat.
INFO:root:Zain logged in at 2025-04-30 22:55:42.348435
INFO:root:Zain has joined the chat.
INFO:root:Message from Aneela: Hello at 2025-04-30 22:55:47.783078
INFO:root:Zain has logged out of the chat.
INFO:werkzeug: * Detected change in 'C:\\Users\\Dell\\Desktop\\zoha semester 6\\Project\\app.py', reloading
INFO:werkzeug: * Restarting with stat
INFO:werkzeug: * Restarting with stat
WARNING:werkzeug: * Debugger is active!
INFO:werkzeug: * Debugger PIN: 743-914-458
INFO:root:Zain has joined the chat.
INFO:root:Zain has joined the chat.
INFO:root:Zain has logged out of the chat.
INFO:werkzeug: * Detected change in 'C:\\Users\\Dell\\Desktop\\zoha semester 6\\Project\\app.py', reloading
INFO:werkzeug: * Restarting with stat
WARNING:werkzeug: * Debugger is active!
INFO:werkzeug: * Debugger PIN: 743-914-458
INFO:werkzeug: * Restarting with stat
WARNING:werkzeug: * Debugger is active!
INFO:werkzeug: * Debugger PIN: 743-914-458
INFO:root:Zain has joined the chat.
INFO:root:Zain has joined the chat.
INFO:root:User logged out at 2025-04-30 22:58:49.194128
INFO:root:Nabeel logged in at 2025-04-30 22:58:52.304380
INFO:root:Nabeel has joined the chat.
INFO:root:User logged out at 2025-04-30 22:58:55.613061
INFO:root:User logged out at 2025-04-30 22:58:57.915839
INFO:werkzeug: * Restarting with stat
WARNING:werkzeug: * Debugger is active!
INFO:werkzeug: * Debugger PIN: 743-914-458
INFO:root:Nabeel logged in at 2025-04-30 23:01:48.447127
INFO:root:Nabeel has joined the chat.
INFO:root:Aneela logged in at 2025-04-30 23:01:52.549881
INFO:root:Aneela has joined the chat.
INFO:root:Message from Nabeel: Hello at 2025-04-30 23:01:56.907047
INFO:root:Aneela logged out at 2025-04-30 23:01:58.529633
INFO:werkzeug: * Restarting with stat
WARNING:werkzeug: * Debugger is active!
INFO:werkzeug: * Debugger PIN: 743-914-458
INFO:werkzeug: * Restarting with stat
WARNING:werkzeug: * Debugger is active!
INFO:werkzeug: * Debugger PIN: 743-914-458
INFO:root:Aneela has joined the chat.
INFO:root:Aneela logged out at 2025-04-30 23:03:34.094333
INFO:werkzeug: * Detected change in 'C:\\Users\\Dell\\Desktop\\zoha semester 6\\Project\\app.py', reloading
INFO:werkzeug: * Restarting with stat
WARNING:werkzeug: * Debugger is active!
INFO:werkzeug: * Debugger PIN: 743-914-458
INFO:werkzeug: * Detected change in 'C:\\Users\\Dell\\Desktop\\zoha semester 6\\Project\\app.py', reloading
INFO:werkzeug: * Restarting with stat
WARNING:werkzeug: * Debugger is active!
INFO:werkzeug: * Debugger PIN: 743-914-458
INFO:werkzeug: * Restarting with stat
WARNING:werkzeug: * Debugger is active!
INFO:werkzeug: * Debugger PIN: 743-914-458
INFO:root:Aneela has joined the chat.
INFO:root:Aneela has joined the chat.
INFO:root:User logged out at 2025-04-30 23:04:41.689954
INFO:werkzeug: * Detected change in 'C:\\Users\\Dell\\Desktop\\zoha semester 6\\Project\\app.py', reloading
INFO:werkzeug: * Restarting with stat
WARNING:werkzeug: * Debugger is active!
INFO:werkzeug: * Debugger PIN: 743-914-458
INFO:werkzeug: * Restarting with stat
WARNING:werkzeug: * Debugger is active!
INFO:werkzeug: * Debugger PIN: 743-914-458
INFO:root:Aneela has joined the chat.
INFO:root:Aneela has joined the chat.
INFO:root:User logged out at 2025-04-30 23:05:40.613172
INFO:root:User logged out at 2025-04-30 23:05:44.355101
INFO:werkzeug: * Restarting with stat
WARNING:werkzeug: * Debugger is active!
INFO:werkzeug: * Debugger PIN: 743-914-458
INFO:werkzeug: * Detected change in 'C:\\Users\\Dell\\Desktop\\zoha semester 6\\Project\\app.py', reloading
INFO:werkzeug: * Restarting with stat
INFO:werkzeug: * Restarting with stat
WARNING:werkzeug: * Debugger is active!
INFO:werkzeug: * Debugger PIN: 743-914-458
INFO:werkzeug: * Detected change in 'C:\\Users\\Dell\\Desktop\\zoha semester 6\\Project\\app.py', reloading
INFO:werkzeug: * Restarting with stat
WARNING:werkzeug: * Debugger is active!
INFO:werkzeug: * Debugger PIN: 743-914-458
INFO:werkzeug: * Restarting with stat
WARNING:werkzeug: * Debugger is active!
INFO:werkzeug: * Debugger PIN: 743-914-458
INFO:werkzeug: * Detected change in 'C:\\Users\\Dell\\Desktop\\zoha semester 6\\Project\\app.py', reloading
INFO:werkzeug: * Restarting with stat
WARNING:werkzeug: * Debugger is active!
INFO:werkzeug: * Debugger PIN: 743-914-458
INFO:werkzeug: * Detected change in 'C:\\Users\\Dell\\Desktop\\zoha semester 6\\Project\\app.py', reloading
INFO:werkzeug: * Restarting with stat
WARNING:werkzeug: * Debugger is active!
INFO:werkzeug: * Debugger PIN: 743-914-458
INFO:werkzeug: * Restarting with stat
WARNING:werkzeug: * Debugger is active!
INFO:werkzeug: * Debugger PIN: 743-914-458
INFO:root:Nabeel logged in at 2025-04-30 23:43:12.517908
INFO:root:Nabeel has joined the chat.
INFO:root:Aneela logged in at 2025-04-30 23:43:21.175507
INFO:root:Aneela has joined the chat.
INFO:root:Message from Nabeel: Hello at 2025-04-30 23:43:24.456856
INFO:root:Message from Aneela: Hi at 2025-04-30 23:43:27.826739
INFO:root:File uploaded by Aneela at 2025-04-30 23:43:35.956818 to FTP
INFO:root:Message from Aneela: uploaded a file: <a href="/download/Screenshot (3).png" target="_blank">Screenshot (3).png</a> at 2025-04-30 23:43:35.961825
INFO:root:User logged out at 2025-04-30 23:43:41.980627
INFO:root:User logged out at 2025-04-30 23:43:44.436029
INFO:werkzeug: * Restarting with stat
WARNING:werkzeug: * Debugger is active!
INFO:werkzeug: * Debugger PIN: 743-914-458
INFO:root:Aneela logged in at 2025-04-30 23:45:02.565526
INFO:root:Aneela has joined the chat.
INFO:root:User logged out at 2025-04-30 23:46:12.973984
INFO:werkzeug: * Restarting with stat
WARNING:werkzeug: * Debugger is active!
INFO:werkzeug: * Debugger PIN: 743-914-458
INFO:werkzeug: * Restarting with stat
WARNING:werkzeug: * Debugger is active!
INFO:werkzeug: * Debugger PIN: 743-914-458
INFO:root:Aneela logged in at 2025-04-30 23:52:43.049813
INFO:root:Aneela has joined the chat.
INFO:root:Nabeel logged in at 2025-04-30 23:52:51.562807
INFO:root:Nabeel has joined the chat.
INFO:root:User logged out at 2025-04-30 23:53:01.428512
INFO:root:User logged out at 2025-04-30 23:53:03.017733
INFO:werkzeug: * Restarting with stat
WARNING:werkzeug: * Debugger is active!
INFO:werkzeug: * Debugger PIN: 743-914-458
INFO:root:Nabeel logged in at 2025-05-01 00:00:18.308909
INFO:root:Nabeel has joined the chat.
INFO:root:Aneela logged in at 2025-05-01 00:00:29.616606
INFO:root:Aneela has joined the chat.
INFO:root:Message from Nabeel: Hello at 2025-05-01 00:00:32.192399
INFO:root:File uploaded by Aneela at 2025-05-01 00:00:38.912941 to FTP
INFO:root:Message from Nabeel: Nabeel uploaded a file: Screenshot (4).png <a href="/download/Screenshot (4).png" class="download-button" target="_blank">Download</a> at 2025-05-01 00:00:38.919523
INFO:root:File 'Screenshot (4).png' downloaded by Aneela at 2025-05-01 00:00:42.050079
INFO:root:User logged out at 2025-05-01 00:00:58.132016
INFO:root:User logged out at 2025-05-01 00:01:00.075426
INFO:root:Aneela logged in at 2025-05-01 00:01:27.482646
INFO:root:Aneela has joined the chat.
INFO:root:Nabeel logged in at 2025-05-01 00:01:38.294503
INFO:root:Nabeel has joined the chat.
INFO:root:Message from Nabeel: Hello at 2025-05-01 00:01:42.732460
INFO:root:Message from Aneela: Hi at 2025-05-01 00:01:45.668191
INFO:root:File uploaded by Nabeel at 2025-05-01 00:01:51.296381 to FTP
INFO:root:Message from Aneela:  uploaded a file: Screenshot (7).png <a href="/download/Screenshot (7).png" class="download-button" target="_blank">Download</a> at 2025-05-01 00:01:51.301418
INFO:root:File 'Screenshot (7).png' downloaded by Nabeel at 2025-05-01 00:01:57.043543
INFO:root:User logged out at 2025-05-01 00:02:03.485858
INFO:root:Nabeel logged in at 2025-05-01 00:02:24.527118
INFO:root:Nabeel has joined the chat.
INFO:root:Nabeel has joined the chat.
INFO:root:User logged out at 2025-05-01 00:02:41.952926
INFO:werkzeug: * Restarting with stat
WARNING:werkzeug: * Debugger is active!
INFO:werkzeug: * Debugger PIN: 743-914-458
INFO:root:Nabeel logged in at 2025-05-01 00:06:23.296522
INFO:root:Nabeel has joined the chat.
INFO:root:Aneela logged in at 2025-05-01 00:06:30.881624
INFO:root:Aneela has joined the chat.
INFO:root:Zain logged in at 2025-05-01 00:06:36.904646
INFO:root:Zain has joined the chat.
INFO:root:Message from Nabeel: Hello at 2025-05-01 00:06:41.726021
INFO:root:Message from Zain: Hi at 2025-05-01 00:06:45.548906
INFO:root:Message from Aneela: How are you at 2025-05-01 00:06:50.867178
INFO:root:File uploaded by Zain at 2025-05-01 00:07:13.867455 to FTP
INFO:root:Message from Nabeel:  uploaded a file: CN lab 8(22k-4088).docx <a href="/download/CN lab 8(22k-4088).docx" class="download-button" target="_blank">Download</a> at 2025-05-01 00:07:13.874452
INFO:root:User logged out at 2025-05-01 00:07:19.255757
INFO:root:User logged out at 2025-05-01 00:07:21.025637
INFO:root:User logged out at 2025-05-01 00:07:23.669417
INFO:werkzeug: * Detected change in 'C:\\Users\\Dell\\Desktop\\zoha semester 6\\Project\\app.py', reloading
INFO:werkzeug: * Restarting with stat
WARNING:werkzeug: * Debugger is active!
INFO:werkzeug: * Debugger PIN: 743-914-458
INFO:werkzeug: * Restarting with stat
WARNING:werkzeug: * Debugger is active!
INFO:werkzeug: * Debugger PIN: 743-914-458
INFO:root:Aneela logged in at 2025-05-01 00:12:00.423472
INFO:root:Aneela connected with session ID m8BLsQZahkfPkhJkAAAB
INFO:root:Aneela has joined the chat.
INFO:root:Nabeel logged in at 2025-05-01 00:12:07.160058
INFO:root:Nabeel connected with session ID eAntbxh1lrjQtLc-AAAD
INFO:root:Nabeel has joined the chat.
INFO:root:Message from Aneela: Hello at 2025-05-01 00:12:10.047196
INFO:root:Message from Nabeel: Hi at 2025-05-01 00:12:13.019156
INFO:root:File uploaded by Nabeel at 2025-05-01 00:12:21.367810 to FTP
INFO:root:Message from Aneela: Aneela uploaded a file: CN lab 8(22k-4088).docx <a href="/download/CN lab 8(22k-4088).docx" class="download-button" target="_blank">Download</a> at 2025-05-01 00:12:21.374877
INFO:root:Aneela has left the chat.
INFO:root:Nabeel logged out at 2025-05-01 00:12:24.078570
INFO:root:Zain logged in at 2025-05-01 00:12:37.465802
INFO:root:Zain connected with session ID ITqOBpggtLOeJTCPAAAF
INFO:root:Zain has joined the chat.
INFO:root:Message from Nabeel: Hello Zain at 2025-05-01 00:12:41.910559
INFO:root:Nabeel has left the chat.
INFO:root:Zain logged out at 2025-05-01 00:12:44.907838
INFO:root:Message from Zain: Hi at 2025-05-01 00:12:48.780366
INFO:root:Zain has left the chat.
INFO:root:Aneela logged in at 2025-05-01 00:14:03.241420
INFO:root:Aneela connected with session ID oZ7xmKUyRFzGE88QAAAH
INFO:root:Aneela has joined the chat.
INFO:root:Nabeel logged in at 2025-05-01 00:14:11.590566
INFO:root:Nabeel connected with session ID uYUcfZ8T731x93SuAAAJ
INFO:root:Nabeel has joined the chat.
INFO:root:Zain logged in at 2025-05-01 00:14:20.609646
INFO:root:Zain connected with session ID NMSDdjGS9v7OBekKAAAL
INFO:root:Zain has joined the chat.
INFO:root:Message from Aneela: Hello at 2025-05-01 00:14:30.218226
INFO:root:File uploaded by Zain at 2025-05-01 00:14:54.444139 to FTP
INFO:root:Message from Aneela: Aneela uploaded a file: CN lab 8(22k-4088).docx <a href="/download/CN lab 8(22k-4088).docx" class="download-button" target="_blank">Download</a> at 2025-05-01 00:14:54.450129
INFO:root:Aneela has left the chat.
INFO:root:Zain logged out at 2025-05-01 00:15:08.315069
INFO:root:Zain has left the chat.
INFO:root:Nabeel has left the chat.
INFO:root:Aneela logged in at 2025-05-01 00:15:36.448282
INFO:root:Aneela connected with session ID 39dURl0hgNZxcEpzAAAN
INFO:root:Aneela has joined the chat.
INFO:root:Nabeel logged in at 2025-05-01 00:15:44.016529
INFO:root:Nabeel connected with session ID 2iH2uoRpuxy1dyMyAAAP
INFO:root:Nabeel has joined the chat.
INFO:root:Zain logged in at 2025-05-01 00:15:50.106274
INFO:root:Zain connected with session ID SBTipvxxnHB3F_CFAAAR
INFO:root:Zain has joined the chat.
INFO:root:Message from Nabeel: Hello at 2025-05-01 00:16:18.323109
INFO:root:Message from Aneela: Dash at 2025-05-01 00:16:38.346422
INFO:root:File uploaded by Zain at 2025-05-01 00:16:53.554182 to FTP
INFO:root:Message from Nabeel: Nabeel uploaded a file: maxresdefault.jpg <a href="/download/maxresdefault.jpg" class="download-button" target="_blank">Download</a> at 2025-05-01 00:16:53.560280
INFO:root:File 'maxresdefault.jpg' downloaded by Zain at 2025-05-01 00:17:09.610621
INFO:root:Nabeel has left the chat.
INFO:root:Zain logged out at 2025-05-01 00:17:19.897517
INFO:root:Zain has left the chat.
INFO:root:Aneela has left the chat.
INFO:werkzeug: * Detected change in 'C:\\Users\\Dell\\Desktop\\zoha semester 6\\Project\\app.py', reloading
INFO:werkzeug: * Restarting with stat
WARNING:werkzeug: * Debugger is active!
INFO:werkzeug: * Debugger PIN: 743-914-458
INFO:werkzeug: * Restarting with watchdog (windowsapi)
WARNING:werkzeug: * Debugger is active!
INFO:werkzeug: * Debugger PIN: 117-151-099
INFO:root:ali logged in at 2025-05-01 01:10:08.495552
INFO:root:ali connected with session ID 7hXRKseyPfOW-z2AAAAB
INFO:root:ali has joined the chat.
INFO:root:fatima logged in at 2025-05-01 01:10:17.510754
INFO:root:fatima connected with session ID K_peqg_Zs9bn_5EFAAAD
INFO:root:fatima has joined the chat.
INFO:root:Message from fatima: hi fay at 2025-05-01 01:10:31.619603
INFO:root:Message from ali: hi fatima at 2025-05-01 01:10:39.559882
INFO:root:File uploaded by fatima at 2025-05-01 01:10:52.557904 to FTP
INFO:root:Message from ali: ali uploaded a file: hello.txt <a href="/download/hello.txt" class="download-button" target="_blank">Download</a> at 2025-05-01 01:10:52.564650
INFO:root:File 'hello.txt' downloaded by fatima at 2025-05-01 01:11:07.246402
INFO:root:Message from fatima: heyy at 2025-05-01 01:12:16.098706
INFO:root:fatima has left the chat.
INFO:root:ali has left the chat.
INFO:werkzeug: * Detected change in 'C:\\Users\\Admin\\AppData\\Local\\Programs\\Python\\Python311\\Lib\\site-packages\\flask\\app.py', reloading
INFO:werkzeug: * Detected change in 'C:\\Users\\Admin\\AppData\\Local\\Programs\\Python\\Python311\\Lib\\site-packages\\flask_login\\utils.py', reloading
INFO:werkzeug: * Detected change in 'C:\\Users\\Admin\\AppData\\Local\\Programs\\Python\\Python311\\Lib\\site-packages\\flask_socketio\\__init__.py', reloading
INFO:werkzeug: * Restarting with watchdog (windowsapi)
WARNING:werkzeug: * Debugger is active!
INFO:werkzeug: * Debugger PIN: 117-151-099
INFO:werkzeug: * Detected change in 'C:\\Users\\Admin\\AppData\\Local\\Programs\\Python\\Python311\\Lib\\site-packages\\flask\\json\\__init__.py', reloading
INFO:werkzeug: * Restarting with watchdog (windowsapi)
WARNING:werkzeug: * Debugger is active!
INFO:werkzeug: * Debugger PIN: 117-151-099
INFO:werkzeug: * Detected change in 'C:\\Users\\Admin\\AppData\\Local\\Programs\\Python\\Python311\\Lib\\site-packages\\flask\\templating.py', reloading
INFO:werkzeug: * Detected change in 'C:\\Users\\Admin\\AppData\\Local\\Programs\\Python\\Python311\\Lib\\site-packages\\flask_login\\mixins.py', reloading
INFO:werkzeug: * Restarting with watchdog (windowsapi)
WARNING:werkzeug: * Debugger is active!
INFO:werkzeug: * Debugger PIN: 117-151-099
INFO:werkzeug: * Detected change in 'C:\\Users\\Admin\\AppData\\Local\\Programs\\Python\\Python311\\Lib\\datetime.py', reloading
INFO:werkzeug: * Restarting with watchdog (windowsapi)
WARNING:werkzeug: * Debugger is active!
INFO:werkzeug: * Debugger PIN: 117-151-099
INFO:werkzeug: * Restarting with watchdog (windowsapi)
WARNING:werkzeug: * Debugger is active!
INFO:werkzeug: * Debugger PIN: 117-151-099
INFO:werkzeug: * Detected change in 'C:\\Users\\Admin\\Desktop\\fatima semesters\\sem 6\\cnproject\\Project\\ftp_server.py', reloading
INFO:werkzeug: * Restarting with watchdog (windowsapi)
WARNING:werkzeug: * Debugger is active!
INFO:werkzeug: * Debugger PIN: 117-151-099
INFO:root:fatima logged in at 2025-05-03 23:50:21.116456
INFO:root:fatima connected with session ID jxDe4f1Q7EXhty_uAAAB
INFO:root:fatima has joined the chat.
INFO:root:Message from fatima: hi alii at 2025-05-03 23:50:26.101233
INFO:root:ali logged in at 2025-05-03 23:50:38.537243
INFO:root:ali connected with session ID O7Bp9cPUn6soK0ylAAAD
INFO:root:ali has joined the chat.
INFO:root:Message from ali: hi fatimma at 2025-05-03 23:50:43.959240
INFO:root:Message from ali: whats upp at 2025-05-03 23:51:00.181512
INFO:root:Message from fatima: nothing yaar at 2025-05-03 23:51:06.341155
INFO:root:File uploaded by ali at 2025-05-03 23:51:15.597727 to FTP
INFO:root:Message from fatima: fatima uploaded: upload.html <a href="/download/upload.html" class="download-link" target="_blank">Download</a> at 2025-05-03 23:51:15.628729
INFO:root:fatima has left the chat.
INFO:root:ali logged out at 2025-05-03 23:52:06.378987
INFO:werkzeug: * Restarting with watchdog (windowsapi)
WARNING:werkzeug: * Debugger is active!
INFO:werkzeug: * Debugger PIN: 117-151-099
INFO:werkzeug: * Detected change in 'C:\\Users\\Admin\\Desktop\\fatima semesters\\sem 6\\cnproject\\Project\\ftp_server.py', reloading
INFO:werkzeug: * Restarting with watchdog (windowsapi)
WARNING:werkzeug: * Debugger is active!
INFO:werkzeug: * Debugger PIN: 117-151-099
INFO:root:ali logged in at 2025-05-04 01:36:21.502694
INFO:root:ali connected with session ID TvM-OVt4dvg1rMBbAAAD
INFO:root:ali has joined the chat.
INFO:root:ali has left the chat.
INFO:root:ali connected with session ID LB6kYLf9a7R4sRO-AAAF
INFO:root:ali has joined the chat.
INFO:werkzeug: * Restarting with watchdog (windowsapi)
WARNING:werkzeug: * Debugger is active!
INFO:werkzeug: * Debugger PIN: 117-151-099
INFO:root:ali connected with session ID BzSa-0-45dMtHtqJAAAB
INFO:root:ali has left the chat.
INFO:root:ali connected with session ID 3y4qxxxwGGgSbJ78AAAD
INFO:root:ali has joined the chat.
INFO:root:ali has left the chat.
INFO:root:ali logged out at 2025-05-04 01:43:23.677875
INFO:root:ali logged in at 2025-05-04 01:43:25.886939
INFO:root:ali connected with session ID NUW5q0D15F9i4dUsAAAF
INFO:root:ali has joined the chat.
INFO:root:File uploaded by ali at 2025-05-04 01:49:01.352174 to FTP
INFO:root:Message from ali: ali uploaded: chat.html <a href="/download/chat.html" class="download-link" target="_blank">Download</a> at 2025-05-04 01:49:01.360180
INFO:root:File uploaded by ali at 2025-05-04 01:50:24.951580 to FTP
INFO:root:Message from ali: ali uploaded: register.html <a href="/download/register.html" class="download-link" target="_blank">Download</a> at 2025-05-04 01:50:24.955588
INFO:root:ali has left the chat.
INFO:werkzeug: * Restarting with stat
WARNING:werkzeug: * Debugger is active!
INFO:werkzeug: * Debugger PIN: 743-914-458
INFO:root:Nabeel logged in at 2025-05-04 14:24:35.551023
INFO:root:Nabeel connected with session ID NkNeEvnbqC-8vPq0AAAB
INFO:root:Nabeel has joined the chat.
INFO:root:Aneela logged in at 2025-05-04 14:24:40.744195
INFO:root:Aneela connected with session ID a-v216Y7fSUtcfb5AAAD
INFO:root:Aneela has joined the chat.
INFO:root:Message from Aneela: Hello at 2025-05-04 14:24:44.638146
INFO:root:Message from Aneela: How are you at 2025-05-04 14:24:51.430966
INFO:root:Aneela connected with session ID 8HVnbh-Vl-fkx9MEAAAF
INFO:root:Aneela has joined the chat.
INFO:root:Aneela has left the chat.
INFO:root:Aneela logged out at 2025-05-04 14:25:00.843019
INFO:root:Nabeel has left the chat.
INFO:root:Aneela has left the chat.
INFO:werkzeug: * Restarting with stat
WARNING:werkzeug: * Debugger is active!
INFO:werkzeug: * Debugger PIN: 743-914-458
INFO:root:Aneela logged in at 2025-05-04 14:26:51.694947
INFO:root:Aneela connected with session ID ZglxomiEsP0OzfqwAAAB
INFO:root:Aneela has joined the chat.
INFO:root:Nabeel logged in at 2025-05-04 14:26:58.442799
INFO:root:Nabeel connected with session ID nShcSeU9HcUg_ZLDAAAD
INFO:root:Nabeel has joined the chat.
INFO:root:zain logged in at 2025-05-04 14:27:15.174478
INFO:root:zain connected with session ID kUY7Lsf-P_UYwyoAAAAF
INFO:root:zain has joined the chat.
INFO:root:Message from Aneela: Hello at 2025-05-04 14:27:21.815853
INFO:root:Message from Nabeel: Hi at 2025-05-04 14:27:24.459165
INFO:root:Message from zain: Hi at 2025-05-04 14:27:27.291300
INFO:root:File uploaded by zain at 2025-05-04 14:27:34.042109 to FTP
INFO:root:Message from zain: uploaded: Project Proposal.docx <a href="/download/Project Proposal.docx" class="download-link" target="_blank">Download</a> at 2025-05-04 14:27:34.045081
INFO:root:Message from zain: I have uploaded a file at 2025-05-04 14:27:45.496587
INFO:root:File 'Project Proposal.docx' downloaded by zain at 2025-05-04 14:27:50.007299
INFO:root:Aneela has left the chat.
INFO:root:zain logged out at 2025-05-04 14:27:57.106731
INFO:root:Nabeel has left the chat.
INFO:root:zain has left the chat.
INFO:werkzeug: * Restarting with stat
WARNING:werkzeug: * Debugger is active!
INFO:werkzeug: * Debugger PIN: 743-914-458
INFO:root:Nabeel logged in at 2025-05-04 14:54:45.932759
INFO:root:Nabeel connected with session ID 0H5poJZTFPQBiBpDAAAB
INFO:root:Nabeel has joined the chat.
INFO:root:Zoha logged in at 2025-05-04 14:55:19.682798
INFO:root:Zoha connected with session ID DB8vdcmPw_7IZL3pAAAD
INFO:root:Zoha has joined the chat.
INFO:root:Aneela logged in at 2025-05-04 14:55:29.372503
INFO:root:Aneela connected with session ID CzWNfM3pPfM0JjGGAAAF
INFO:root:Aneela has joined the chat.
INFO:root:Message from Nabeel: Hello I am Nabeel at 2025-05-04 14:55:58.273773
INFO:root:Message from Zoha: Hi Nabeel, I am Zoha at 2025-05-04 14:56:11.967441
INFO:root:Message from Aneela: Hi everyone I am Aneela at 2025-05-04 14:56:21.203776
INFO:root:File uploaded by Aneela at 2025-05-04 14:56:34.877145 to FTP
INFO:root:Message from Nabeel: uploaded: Project Proposal.docx <a href="/download/Project Proposal.docx" class="download-link" target="_blank">Download</a> at 2025-05-04 14:56:34.881060
INFO:root:File 'Project Proposal.docx' downloaded by Aneela at 2025-05-04 14:56:52.799017
INFO:root:Nabeel has left the chat.
INFO:root:Aneela logged out at 2025-05-04 14:57:05.800285
INFO:root:Zoha has left the chat.
INFO:root:Aneela has left the chat.
INFO:werkzeug: * Restarting with stat
WARNING:werkzeug: * Debugger is active!
INFO:werkzeug: * Debugger PIN: 743-914-458
INFO:root:Aneela logged in at 2025-05-04 15:02:53.926240
INFO:root:Aneela connected with session ID UtPMCq-5CvYHowv3AAAB
INFO:root:Aneela has joined the chat.
INFO:root:Aneela has left the chat.
INFO:root:Aneela connected with session ID Zt5x8le4ssdNF-isAAAD
INFO:root:Aneela has joined the chat.
INFO:root:Aneela has left the chat.
INFO:root:Aneela logged out at 2025-05-04 15:03:46.954211
INFO:werkzeug: * Restarting with stat
WARNING:werkzeug: * Debugger is active!
INFO:werkzeug: * Debugger PIN: 743-914-458
INFO:root:Aneela logged in at 2025-05-04 15:05:41.460658
INFO:root:Aneela connected with session ID 7wr7ENPPPgm4uPU1AAAB
INFO:root:Aneela has joined the chat.
INFO:root:Sara logged in at 2025-05-04 15:06:03.206320
INFO:root:Sara connected with session ID pwg72fMVs33nwyCrAAAD
INFO:root:Sara has joined the chat.
INFO:root:Nabeel logged in at 2025-05-04 15:06:10.532986
INFO:root:Nabeel connected with session ID HmqFD-KCPE3imPfhAAAF
INFO:root:Nabeel has joined the chat.
INFO:root:Message from Aneela: Hello i am Aneela at 2025-05-04 15:06:38.878758
INFO:root:Message from Sara: Hi I am Sara at 2025-05-04 15:06:50.116811
INFO:root:Message from Nabeel: Hello I am Nabeel at 2025-05-04 15:06:58.144706
INFO:root:File uploaded by Nabeel at 2025-05-04 15:07:11.175029 to FTP
INFO:root:Message from Aneela: uploaded: Project Proposal.docx <a href="/download/Project Proposal.docx" class="download-link" target="_blank">Download</a> at 2025-05-04 15:07:11.179023
INFO:root:File 'Project Proposal.docx' downloaded by Nabeel at 2025-05-04 15:07:19.031686
INFO:root:File uploaded by Nabeel at 2025-05-04 15:07:35.926608 to FTP
INFO:root:Message from Sara: uploaded: Screenshot 2025-05-03 134911.png <a href="/download/Screenshot 2025-05-03 134911.png" class="download-link" target="_blank">Download</a> at 2025-05-04 15:07:35.930607
INFO:root:Aneela has left the chat.
INFO:root:Nabeel logged out at 2025-05-04 15:07:49.735953
INFO:root:Sara has left the chat.
INFO:root:Nabeel has left the chat.
INFO:werkzeug: * Restarting with stat
WARNING:werkzeug: * Debugger is active!
INFO:werkzeug: * Debugger PIN: 743-914-458
INFO:root:Nabeel logged in at 2025-05-04 15:13:46.552331
INFO:root:Nabeel connected with session ID afVwr_uB2O9ppvgYAAAB
INFO:root:Nabeel has joined the chat.
INFO:root:Aneela logged in at 2025-05-04 15:13:51.646778
INFO:root:Aneela connected with session ID Bevgz_7S_BFKEXldAAAD
INFO:root:Aneela has joined the chat.
INFO:root:Message from Aneela: Hello at 2025-05-04 15:13:54.677232
INFO:root:Message from Nabeel: Hi at 2025-05-04 15:13:58.832188
INFO:root:Aneela has left the chat.
INFO:root:Aneela logged out at 2025-05-04 15:14:07.550769
INFO:root:Nabeel has left the chat.
INFO:werkzeug: * Restarting with stat
WARNING:werkzeug: * Debugger is active!
INFO:werkzeug: * Debugger PIN: 743-914-458
INFO:root:Aneela logged in at 2025-05-04 15:42:57.763696
INFO:root:Aneela connected with session ID YEM4IGNjtRdnCmX3AAAB
INFO:root:Aneela has joined the chat.
INFO:root:Aneela connected with session ID wOy1CFeGJMQIoAoYAAAD
INFO:root:Aneela has joined the chat.
INFO:root:Aneela has left the chat.
INFO:root:Aneela connected with session ID ym_Mshe_Yv1wK-UuAAAF
INFO:root:Aneela has joined the chat.
INFO:root:Aneela has left the chat.
INFO:root:Aneela logged out at 2025-05-04 15:43:53.412414
INFO:root:Aneela has left the chat.
INFO:root:Aneela logged in at 2025-05-04 15:44:00.495032
INFO:root:Aneela connected with session ID SY8qsdaonTcqfNRqAAAH
INFO:root:Aneela has joined the chat.
INFO:root:Nabeel logged in at 2025-05-04 15:44:06.253084
INFO:root:Nabeel connected with session ID go-J7o4qUPcBVwkmAAAJ
INFO:root:Nabeel has joined the chat.
INFO:root:Message from Aneela: Hello i am Aneela at 2025-05-04 15:44:44.000469
INFO:root:Message from Nabeel: Hi I am Nabeel at 2025-05-04 15:45:53.053069
INFO:root:File uploaded by Nabeel at 2025-05-04 15:47:11.737447 to FTP
INFO:root:Message from Aneela: uploaded: aaaa.pkt <a href="/download/aaaa.pkt" class="download-link" target="_blank">Download</a> at 2025-05-04 15:47:11.744514
INFO:root:File 'aaaa.pkt' downloaded by Nabeel at 2025-05-04 15:47:33.406238
INFO:root:Aneela has left the chat.
INFO:root:Nabeel logged out at 2025-05-04 15:48:03.531034
INFO:root:Nabeel has left the chat.
INFO:werkzeug: * Restarting with stat
WARNING:werkzeug: * Debugger is active!
INFO:werkzeug: * Debugger PIN: 743-914-458
